<?xml version="1.0" encoding="utf-8"?><testsuites name="pytest tests"><testsuite name="pytest" errors="0" failures="0" skipped="0" tests="8" time="1.706" timestamp="2026-06-15T14:56:22.261493+00:00" hostname="agent-env-f51efcb3-5da2-4f31-af4d-94bd596d7ea5"><testcase classname="backend.tests.backend_test" name="test_health" time="0.215" /><testcase classname="backend.tests.backend_test" name="test_list_news_seeded" time="0.046" /><testcase classname="backend.tests.backend_test" name="test_list_events_seeded_has_featured" time="0.045" /><testcase classname="backend.tests.backend_test" name="test_login_invalid" time="0.271" /><testcase classname="backend.tests.backend_test" name="test_me_with_token" time="0.313" /><testcase classname="backend.tests.backend_test" name="test_create_news_unauthorized" time="0.041" /><testcase classname="backend.tests.backend_test" name="test_news_crud" time="0.305" /><testcase classname="backend.tests.backend_test" name="test_events_crud" time="0.259" /></testsuite></testsuites>